<?xml version="1.0" encoding="UTF-8"?>
<coverage generated="1658272092097" clover="3.2.0">
  <project timestamp="1658272092097" name="All files">
    <metrics statements="43" coveredstatements="43" conditionals="6" coveredconditionals="6" methods="25" coveredmethods="25" elements="74" coveredelements="74" complexity="0" loc="43" ncloc="43" packages="1" files="6" classes="6"/>
    <file name="App.js" path="/Users/prashantpriya/Desktop/CF Projects/meet-final/src/App.js">
      <metrics statements="13" coveredstatements="13" conditionals="4" coveredconditionals="4" methods="8" coveredmethods="8"/>
      <line num="10" count="5" type="stmt"/>
      <line num="11" count="5" type="stmt"/>
      <line num="17" count="5" type="stmt"/>
      <line num="18" count="5" type="stmt"/>
      <line num="19" count="5" type="cond" truecount="2" falsecount="0"/>
      <line num="20" count="3" type="stmt"/>
      <line num="26" count="4" type="stmt"/>
      <line num="28" count="5" type="stmt"/>
      <line num="29" count="2" type="stmt"/>
      <line num="30" count="2" type="cond" truecount="2" falsecount="0"/>
      <line num="32" count="2" type="stmt"/>
      <line num="34" count="2" type="stmt"/>
      <line num="40" count="10" type="stmt"/>
    </file>
    <file name="CitySearch.js" path="/Users/prashantpriya/Desktop/CF Projects/meet-final/src/CitySearch.js">
      <metrics statements="15" coveredstatements="15" conditionals="2" coveredconditionals="2" methods="9" coveredmethods="9"/>
      <line num="5" count="5" type="stmt"/>
      <line num="7" count="5" type="stmt"/>
      <line num="13" count="5" type="stmt"/>
      <line num="14" count="2" type="stmt"/>
      <line num="15" count="2" type="stmt"/>
      <line num="16" count="4" type="stmt"/>
      <line num="18" count="2" type="stmt"/>
      <line num="23" count="5" type="stmt"/>
      <line num="24" count="4" type="stmt"/>
      <line num="29" count="4" type="stmt"/>
      <line num="32" count="22" type="stmt"/>
      <line num="39" count="1" type="stmt"/>
      <line num="44" count="17" type="stmt"/>
      <line num="46" count="2" type="stmt"/>
      <line num="49" count="1" type="stmt"/>
    </file>
    <file name="EventList.js" path="/Users/prashantpriya/Desktop/CF Projects/meet-final/src/EventList.js">
      <metrics statements="3" coveredstatements="3" conditionals="0" coveredconditionals="0" methods="2" coveredmethods="2"/>
      <line num="6" count="8" type="stmt"/>
      <line num="7" count="8" type="stmt"/>
      <line num="10" count="7" type="stmt"/>
    </file>
    <file name="NumberOfEvents.js" path="/Users/prashantpriya/Desktop/CF Projects/meet-final/src/NumberOfEvents.js">
      <metrics statements="5" coveredstatements="5" conditionals="0" coveredconditionals="0" methods="3" coveredmethods="3"/>
      <line num="5" count="5" type="stmt"/>
      <line num="7" count="5" type="stmt"/>
      <line num="11" count="5" type="stmt"/>
      <line num="12" count="1" type="stmt"/>
      <line num="17" count="11" type="stmt"/>
    </file>
    <file name="api.js" path="/Users/prashantpriya/Desktop/CF Projects/meet-final/src/api.js">
      <metrics statements="6" coveredstatements="6" conditionals="0" coveredconditionals="0" methods="3" coveredmethods="3"/>
      <line num="10" count="2" type="stmt"/>
      <line num="11" count="12" type="stmt"/>
      <line num="12" count="6" type="stmt"/>
      <line num="13" count="6" type="stmt"/>
      <line num="15" count="2" type="stmt"/>
      <line num="16" count="9" type="stmt"/>
    </file>
    <file name="mock-data.js" path="/Users/prashantpriya/Desktop/CF Projects/meet-final/src/mock-data.js">
      <metrics statements="1" coveredstatements="1" conditionals="0" coveredconditionals="0" methods="0" coveredmethods="0"/>
      <line num="1" count="2" type="stmt"/>
    </file>
  </project>
</coverage>
