{"/Users/prashantpriya/Desktop/CF Projects/meet-final/src/App.js": {"path":"/Users/prashantpriya/Desktop/CF Projects/meet-final/src/App.js","statementMap":{"0":{"start":{"line":10,"column":4},"end":{"line":10,"column":11}},"1":{"start":{"line":11,"column":4},"end":{"line":14,"column":5}},"2":{"start":{"line":17,"column":4},"end":{"line":17,"column":24}},"3":{"start":{"line":18,"column":4},"end":{"line":22,"column":7}},"4":{"start":{"line":19,"column":6},"end":{"line":21,"column":7}},"5":{"start":{"line":20,"column":8},"end":{"line":20,"column":71}},"6":{"start":{"line":26,"column":4},"end":{"line":26,"column":25}},"7":{"start":{"line":28,"column":17},"end":{"line":38,"column":3}},"8":{"start":{"line":29,"column":4},"end":{"line":37,"column":7}},"9":{"start":{"line":30,"column":29},"end":{"line":32,"column":61}},"10":{"start":{"line":32,"column":33},"end":{"line":32,"column":60}},"11":{"start":{"line":34,"column":6},"end":{"line":36,"column":9}},"12":{"start":{"line":40,"column":4},"end":{"line":46,"column":6}}},"fnMap":{"0":{"name":"(anonymous_0)","decl":{"start":{"line":9,"column":2},"end":{"line":9,"column":3}},"loc":{"start":{"line":9,"column":16},"end":{"line":15,"column":3}},"line":9},"1":{"name":"(anonymous_1)","decl":{"start":{"line":16,"column":2},"end":{"line":16,"column":3}},"loc":{"start":{"line":16,"column":22},"end":{"line":23,"column":3}},"line":16},"2":{"name":"(anonymous_2)","decl":{"start":{"line":18,"column":21},"end":{"line":18,"column":22}},"loc":{"start":{"line":18,"column":33},"end":{"line":22,"column":5}},"line":18},"3":{"name":"(anonymous_3)","decl":{"start":{"line":25,"column":2},"end":{"line":25,"column":3}},"loc":{"start":{"line":25,"column":25},"end":{"line":27,"column":3}},"line":25},"4":{"name":"(anonymous_4)","decl":{"start":{"line":28,"column":17},"end":{"line":28,"column":18}},"loc":{"start":{"line":28,"column":31},"end":{"line":38,"column":3}},"line":28},"5":{"name":"(anonymous_5)","decl":{"start":{"line":29,"column":21},"end":{"line":29,"column":22}},"loc":{"start":{"line":29,"column":33},"end":{"line":37,"column":5}},"line":29},"6":{"name":"(anonymous_6)","decl":{"start":{"line":32,"column":22},"end":{"line":32,"column":23}},"loc":{"start":{"line":32,"column":33},"end":{"line":32,"column":60}},"line":32},"7":{"name":"(anonymous_7)","decl":{"start":{"line":39,"column":2},"end":{"line":39,"column":3}},"loc":{"start":{"line":39,"column":11},"end":{"line":47,"column":3}},"line":39}},"branchMap":{"0":{"loc":{"start":{"line":19,"column":6},"end":{"line":21,"column":7}},"type":"if","locations":[{"start":{"line":19,"column":6},"end":{"line":21,"column":7}},{"start":{},"end":{}}],"line":19},"1":{"loc":{"start":{"line":30,"column":29},"end":{"line":32,"column":61}},"type":"cond-expr","locations":[{"start":{"line":31,"column":8},"end":{"line":31,"column":14}},{"start":{"line":32,"column":8},"end":{"line":32,"column":61}}],"line":30}},"s":{"0":5,"1":5,"2":5,"3":5,"4":5,"5":3,"6":4,"7":5,"8":2,"9":2,"10":2,"11":2,"12":10},"f":{"0":5,"1":5,"2":5,"3":4,"4":2,"5":2,"6":2,"7":10},"b":{"0":[3,2],"1":[1,1]},"_coverageSchema":"1a1c01bbd47fc00a2c39e90264f33305004495a9","hash":"1432912b471eaf71e0e8e1a0a932af942c157a51"}
,"/Users/prashantpriya/Desktop/CF Projects/meet-final/src/CitySearch.js": {"path":"/Users/prashantpriya/Desktop/CF Projects/meet-final/src/CitySearch.js","statementMap":{"0":{"start":{"line":5,"column":8},"end":{"line":5,"column":16}},"1":{"start":{"line":7,"column":8},"end":{"line":11,"column":9}},"2":{"start":{"line":13,"column":25},"end":{"line":22,"column":5}},"3":{"start":{"line":14,"column":22},"end":{"line":14,"column":40}},"4":{"start":{"line":15,"column":28},"end":{"line":17,"column":10}},"5":{"start":{"line":16,"column":12},"end":{"line":16,"column":76}},"6":{"start":{"line":18,"column":8},"end":{"line":21,"column":11}},"7":{"start":{"line":23,"column":24},"end":{"line":30,"column":5}},"8":{"start":{"line":24,"column":8},"end":{"line":27,"column":11}},"9":{"start":{"line":29,"column":8},"end":{"line":29,"column":44}},"10":{"start":{"line":32,"column":8},"end":{"line":54,"column":10}},"11":{"start":{"line":39,"column":37},"end":{"line":39,"column":77}},"12":{"start":{"line":44,"column":24},"end":{"line":47,"column":42}},"13":{"start":{"line":46,"column":43},"end":{"line":46,"column":77}},"14":{"start":{"line":49,"column":39},"end":{"line":49,"column":68}}},"fnMap":{"0":{"name":"(anonymous_0)","decl":{"start":{"line":4,"column":4},"end":{"line":4,"column":5}},"loc":{"start":{"line":4,"column":18},"end":{"line":12,"column":5}},"line":4},"1":{"name":"(anonymous_1)","decl":{"start":{"line":13,"column":25},"end":{"line":13,"column":26}},"loc":{"start":{"line":13,"column":36},"end":{"line":22,"column":5}},"line":13},"2":{"name":"(anonymous_2)","decl":{"start":{"line":15,"column":56},"end":{"line":15,"column":57}},"loc":{"start":{"line":15,"column":70},"end":{"line":17,"column":9}},"line":15},"3":{"name":"(anonymous_3)","decl":{"start":{"line":23,"column":24},"end":{"line":23,"column":25}},"loc":{"start":{"line":23,"column":40},"end":{"line":30,"column":5}},"line":23},"4":{"name":"(anonymous_4)","decl":{"start":{"line":31,"column":4},"end":{"line":31,"column":5}},"loc":{"start":{"line":31,"column":13},"end":{"line":55,"column":5}},"line":31},"5":{"name":"(anonymous_5)","decl":{"start":{"line":39,"column":29},"end":{"line":39,"column":30}},"loc":{"start":{"line":39,"column":35},"end":{"line":39,"column":79}},"line":39},"6":{"name":"(anonymous_6)","decl":{"start":{"line":43,"column":48},"end":{"line":43,"column":49}},"loc":{"start":{"line":44,"column":24},"end":{"line":47,"column":42}},"line":44},"7":{"name":"(anonymous_7)","decl":{"start":{"line":46,"column":37},"end":{"line":46,"column":38}},"loc":{"start":{"line":46,"column":43},"end":{"line":46,"column":77}},"line":46},"8":{"name":"(anonymous_8)","decl":{"start":{"line":49,"column":33},"end":{"line":49,"column":34}},"loc":{"start":{"line":49,"column":39},"end":{"line":49,"column":68}},"line":49}},"branchMap":{"0":{"loc":{"start":{"line":42,"column":51},"end":{"line":42,"column":104}},"type":"cond-expr","locations":[{"start":{"line":42,"column":80},"end":{"line":42,"column":82}},{"start":{"line":42,"column":85},"end":{"line":42,"column":104}}],"line":42}},"s":{"0":5,"1":5,"2":5,"3":2,"4":2,"5":4,"6":2,"7":5,"8":4,"9":4,"10":22,"11":1,"12":17,"13":2,"14":1},"f":{"0":5,"1":2,"2":4,"3":4,"4":22,"5":1,"6":17,"7":2,"8":1},"b":{"0":[1,21]},"_coverageSchema":"1a1c01bbd47fc00a2c39e90264f33305004495a9","hash":"d4c83135552fb037633cf3dc7c31ed5a46b42d84"}
,"/Users/prashantpriya/Desktop/CF Projects/meet-final/src/EventList.js": {"path":"/Users/prashantpriya/Desktop/CF Projects/meet-final/src/EventList.js","statementMap":{"0":{"start":{"line":6,"column":23},"end":{"line":6,"column":33}},"1":{"start":{"line":7,"column":4},"end":{"line":15,"column":6}},"2":{"start":{"line":10,"column":10},"end":{"line":12,"column":15}}},"fnMap":{"0":{"name":"(anonymous_0)","decl":{"start":{"line":5,"column":2},"end":{"line":5,"column":3}},"loc":{"start":{"line":5,"column":11},"end":{"line":16,"column":3}},"line":5},"1":{"name":"(anonymous_1)","decl":{"start":{"line":9,"column":20},"end":{"line":9,"column":21}},"loc":{"start":{"line":10,"column":10},"end":{"line":12,"column":15}},"line":10}},"branchMap":{},"s":{"0":8,"1":8,"2":7},"f":{"0":8,"1":7},"b":{},"_coverageSchema":"1a1c01bbd47fc00a2c39e90264f33305004495a9","hash":"67307ed5fd42f5dc45156ba33dda89873cb10117"}
,"/Users/prashantpriya/Desktop/CF Projects/meet-final/src/NumberOfEvents.js": {"path":"/Users/prashantpriya/Desktop/CF Projects/meet-final/src/NumberOfEvents.js","statementMap":{"0":{"start":{"line":5,"column":8},"end":{"line":5,"column":16}},"1":{"start":{"line":7,"column":8},"end":{"line":9,"column":9}},"2":{"start":{"line":11,"column":25},"end":{"line":15,"column":5}},"3":{"start":{"line":12,"column":8},"end":{"line":14,"column":11}},"4":{"start":{"line":17,"column":8},"end":{"line":27,"column":10}}},"fnMap":{"0":{"name":"(anonymous_0)","decl":{"start":{"line":4,"column":4},"end":{"line":4,"column":5}},"loc":{"start":{"line":4,"column":18},"end":{"line":10,"column":5}},"line":4},"1":{"name":"(anonymous_1)","decl":{"start":{"line":11,"column":25},"end":{"line":11,"column":26}},"loc":{"start":{"line":11,"column":36},"end":{"line":15,"column":5}},"line":11},"2":{"name":"(anonymous_2)","decl":{"start":{"line":16,"column":4},"end":{"line":16,"column":5}},"loc":{"start":{"line":16,"column":13},"end":{"line":28,"column":5}},"line":16}},"branchMap":{},"s":{"0":5,"1":5,"2":5,"3":1,"4":11},"f":{"0":5,"1":1,"2":11},"b":{},"_coverageSchema":"1a1c01bbd47fc00a2c39e90264f33305004495a9","hash":"ea50068c6afcaea3a5721fdb96968e1e27a16af2"}
,"/Users/prashantpriya/Desktop/CF Projects/meet-final/src/api.js": {"path":"/Users/prashantpriya/Desktop/CF Projects/meet-final/src/api.js","statementMap":{"0":{"start":{"line":10,"column":32},"end":{"line":14,"column":1}},"1":{"start":{"line":11,"column":27},"end":{"line":11,"column":64}},"2":{"start":{"line":11,"column":49},"end":{"line":11,"column":63}},"3":{"start":{"line":12,"column":20},"end":{"line":12,"column":50}},"4":{"start":{"line":13,"column":4},"end":{"line":13,"column":21}},"5":{"start":{"line":15,"column":25},"end":{"line":17,"column":1}},"6":{"start":{"line":16,"column":4},"end":{"line":16,"column":20}}},"fnMap":{"0":{"name":"(anonymous_0)","decl":{"start":{"line":10,"column":32},"end":{"line":10,"column":33}},"loc":{"start":{"line":10,"column":44},"end":{"line":14,"column":1}},"line":10},"1":{"name":"(anonymous_1)","decl":{"start":{"line":11,"column":38},"end":{"line":11,"column":39}},"loc":{"start":{"line":11,"column":49},"end":{"line":11,"column":63}},"line":11},"2":{"name":"(anonymous_2)","decl":{"start":{"line":15,"column":25},"end":{"line":15,"column":26}},"loc":{"start":{"line":15,"column":37},"end":{"line":17,"column":1}},"line":15}},"branchMap":{},"s":{"0":2,"1":6,"2":12,"3":6,"4":6,"5":2,"6":9},"f":{"0":6,"1":12,"2":9},"b":{},"_coverageSchema":"1a1c01bbd47fc00a2c39e90264f33305004495a9","hash":"f9f63d83d2e70599fdd8ad5cc6bd520687c99787"}
,"/Users/prashantpriya/Desktop/CF Projects/meet-final/src/mock-data.js": {"path":"/Users/prashantpriya/Desktop/CF Projects/meet-final/src/mock-data.js","statementMap":{"0":{"start":{"line":1,"column":17},"end":{"line":80,"column":1}}},"fnMap":{},"branchMap":{},"s":{"0":2},"f":{},"b":{},"_coverageSchema":"1a1c01bbd47fc00a2c39e90264f33305004495a9","hash":"4bf2e30beff1027428478c6d190da0f3e8a7b9a1"}
}
